2024-12-03T08:53:42.312Z  INFO 9920 --- [Hotel Booking System] [http-nio-8080-exec-3] c.b.booking.service.user.UserService     : findAll triggered.
2024-12-03T08:55:43.144Z  INFO 27996 --- [Hotel Booking System] [restartedMain] c.b.b.HotelBookingSystemApplication      : Starting HotelBookingSystemApplication using Java 19.0.1 with PID 27996 (C:\Users\Edgar.Afonso\Desktop\HotelBookingSystem\backend\target\classes started by Edgar.Afonso in C:\Users\Edgar.Afonso\Desktop\HotelBookingSystem\backend)
2024-12-03T08:55:43.146Z DEBUG 27996 --- [Hotel Booking System] [restartedMain] c.b.b.HotelBookingSystemApplication      : Running with Spring Boot v3.3.5, Spring v6.1.14
2024-12-03T08:55:43.147Z  INFO 27996 --- [Hotel Booking System] [restartedMain] c.b.b.HotelBookingSystemApplication      : No active profile set, falling back to 1 default profile: "default"
2024-12-03T08:55:51.004Z  INFO 27996 --- [Hotel Booking System] [restartedMain] c.b.b.HotelBookingSystemApplication      : Started HotelBookingSystemApplication in 8.241 seconds (process running for 9.156)
2024-12-03T08:56:00.087Z  INFO 27996 --- [Hotel Booking System] [http-nio-8080-exec-2] c.b.booking.service.user.UserService     : findAll triggered.
2024-12-03T08:56:04.255Z  INFO 27996 --- [Hotel Booking System] [http-nio-8080-exec-7] c.b.b.service.user.HotelOwnerService     : getHotelOccupancyAndBookings triggered with values: ownerId 863c5726-b02a-46a0-be79-5b92f62da3f6, currentDate 2024-12-03
2024-12-03T08:56:04.257Z DEBUG 27996 --- [Hotel Booking System] [http-nio-8080-exec-7] c.b.b.service.user.HotelOwnerService     : Fetching hotel owner by id...
2024-12-03T08:56:04.262Z DEBUG 27996 --- [Hotel Booking System] [http-nio-8080-exec-7] c.b.b.service.user.HotelOwnerService     : Owner found, capturing hotels...
2024-12-03T08:56:04.262Z DEBUG 27996 --- [Hotel Booking System] [http-nio-8080-exec-7] c.b.b.service.user.HotelOwnerService     : Fetching occupancy and future bookings for each hotel...
2024-12-03T08:56:04.263Z  INFO 27996 --- [Hotel Booking System] [http-nio-8080-exec-7] c.b.b.service.user.HotelOwnerService     : Processing occupancy for hotel: Ocean Breeze Resort
2024-12-03T08:56:04.263Z DEBUG 27996 --- [Hotel Booking System] [http-nio-8080-exec-7] c.b.b.service.user.HotelOwnerService     : fetchBookingsForHotel helper method triggered with values: hotel Hotel(hotelId=beab6e86-630e-43cc-8c87-7d93cdfc114a, name=Ocean Breeze Resort, description=Relax by the sea with stunning ocean views, rating=4.5, address=Address(streetNumber1=101, streetNumber2=Beachside, postCode=90210, city=Miami, country=USA), facilities=[WIFI, POOL, AIR_CONDITIONING], discount=0.0, rooms=[HotelRoom(hotelRoomId=144106f1-62af-469b-9fcc-18cdc0e92d8f, roomType=SINGLE, price=100.0, isAvailable=false, checkin=2024-12-05, checkout=2024-12-08), HotelRoom(hotelRoomId=90430a60-0d61-453d-82a0-35a32644ed7b, roomType=DOUBLE, price=150.0, isAvailable=false, checkin=2024-12-05, checkout=2024-12-08), HotelRoom(hotelRoomId=06b7aec8-0885-4702-8062-9fb6d279937e, roomType=SUITE, price=300.0, isAvailable=false, checkin=2024-11-28, checkout=2024-12-06), HotelRoom(hotelRoomId=ab82ca9d-62b0-4371-9e68-d470ffe83b47, roomType=FAMILY, price=250.0, isAvailable=true, checkin=null, checkout=null), HotelRoom(hotelRoomId=f5db4d9c-d600-4c9f-8aad-194327b8f2b7, roomType=DELUXE, price=200.0, isAvailable=false, checkin=2024-11-28, checkout=2024-12-06)]), currentDate 2024-12-03
2024-12-03T08:56:04.296Z DEBUG 27996 --- [Hotel Booking System] [http-nio-8080-exec-7] c.b.b.service.user.HotelOwnerService     : Room bookings mapped!
2024-12-03T08:56:04.298Z  INFO 27996 --- [Hotel Booking System] [http-nio-8080-exec-7] c.b.b.service.user.HotelOwnerService     : Processing occupancy for hotel: Mountain Retreat Lodge
2024-12-03T08:56:04.298Z DEBUG 27996 --- [Hotel Booking System] [http-nio-8080-exec-7] c.b.b.service.user.HotelOwnerService     : fetchBookingsForHotel helper method triggered with values: hotel Hotel(hotelId=d2b2ff2a-6868-4b99-9a92-67936225aaa7, name=Mountain Retreat Lodge, description=Escape to the tranquility of the mountains, rating=4.7, address=Address(streetNumber1=55, streetNumber2=Alpine Way, postCode=22345, city=Aspen, country=USA), facilities=[WIFI, GYM, SPA], discount=0.0, rooms=[HotelRoom(hotelRoomId=77494def-8c4d-4b78-bed9-a3656aebb30f, roomType=SINGLE, price=100.0, isAvailable=false, checkin=2024-12-05, checkout=2024-12-08), HotelRoom(hotelRoomId=e8489b36-a15f-46a2-95a8-a5fc715b894b, roomType=DOUBLE, price=150.0, isAvailable=false, checkin=2024-12-05, checkout=2024-12-08), HotelRoom(hotelRoomId=dc026eab-7c03-4175-b2aa-1971f51b4652, roomType=SUITE, price=300.0, isAvailable=false, checkin=2024-11-28, checkout=2024-12-06), HotelRoom(hotelRoomId=f0475d2d-b1d2-4d4f-ad68-1749a1e3d512, roomType=FAMILY, price=250.0, isAvailable=true, checkin=null, checkout=null), HotelRoom(hotelRoomId=0a3752b6-79c7-40d7-9e0e-dd5978c7ac95, roomType=DELUXE, price=200.0, isAvailable=false, checkin=2024-11-28, checkout=2024-12-06)]), currentDate 2024-12-03
2024-12-03T08:56:04.305Z DEBUG 27996 --- [Hotel Booking System] [http-nio-8080-exec-7] c.b.b.service.user.HotelOwnerService     : Room bookings mapped!
2024-12-03T08:57:48.611Z  INFO 27996 --- [Hotel Booking System] [restartedMain] c.b.b.HotelBookingSystemApplication      : Starting HotelBookingSystemApplication using Java 19.0.1 with PID 27996 (C:\Users\Edgar.Afonso\Desktop\HotelBookingSystem\backend\target\classes started by Edgar.Afonso in C:\Users\Edgar.Afonso\Desktop\HotelBookingSystem\backend)
2024-12-03T08:57:48.611Z DEBUG 27996 --- [Hotel Booking System] [restartedMain] c.b.b.HotelBookingSystemApplication      : Running with Spring Boot v3.3.5, Spring v6.1.14
2024-12-03T08:57:48.612Z  INFO 27996 --- [Hotel Booking System] [restartedMain] c.b.b.HotelBookingSystemApplication      : No active profile set, falling back to 1 default profile: "default"
2024-12-03T08:57:49.868Z  INFO 27996 --- [Hotel Booking System] [restartedMain] c.b.b.HotelBookingSystemApplication      : Started HotelBookingSystemApplication in 1.278 seconds (process running for 128.02)
2024-12-03T08:58:12.013Z  INFO 27996 --- [Hotel Booking System] [restartedMain] c.b.b.HotelBookingSystemApplication      : Starting HotelBookingSystemApplication using Java 19.0.1 with PID 27996 (C:\Users\Edgar.Afonso\Desktop\HotelBookingSystem\backend\target\classes started by Edgar.Afonso in C:\Users\Edgar.Afonso\Desktop\HotelBookingSystem\backend)
2024-12-03T08:58:12.013Z DEBUG 27996 --- [Hotel Booking System] [restartedMain] c.b.b.HotelBookingSystemApplication      : Running with Spring Boot v3.3.5, Spring v6.1.14
2024-12-03T08:58:12.013Z  INFO 27996 --- [Hotel Booking System] [restartedMain] c.b.b.HotelBookingSystemApplication      : No active profile set, falling back to 1 default profile: "default"
2024-12-03T08:58:13.266Z  INFO 27996 --- [Hotel Booking System] [restartedMain] c.b.b.HotelBookingSystemApplication      : Started HotelBookingSystemApplication in 1.27 seconds (process running for 151.418)
2024-12-03T08:58:14.825Z  INFO 27996 --- [Hotel Booking System] [restartedMain] c.b.b.HotelBookingSystemApplication      : Starting HotelBookingSystemApplication using Java 19.0.1 with PID 27996 (C:\Users\Edgar.Afonso\Desktop\HotelBookingSystem\backend\target\classes started by Edgar.Afonso in C:\Users\Edgar.Afonso\Desktop\HotelBookingSystem\backend)
2024-12-03T08:58:14.825Z DEBUG 27996 --- [Hotel Booking System] [restartedMain] c.b.b.HotelBookingSystemApplication      : Running with Spring Boot v3.3.5, Spring v6.1.14
2024-12-03T08:58:14.825Z  INFO 27996 --- [Hotel Booking System] [restartedMain] c.b.b.HotelBookingSystemApplication      : No active profile set, falling back to 1 default profile: "default"
2024-12-03T08:58:16.012Z  INFO 27996 --- [Hotel Booking System] [restartedMain] c.b.b.HotelBookingSystemApplication      : Started HotelBookingSystemApplication in 1.21 seconds (process running for 154.165)
2024-12-03T08:58:21.141Z  INFO 27996 --- [Hotel Booking System] [http-nio-8080-exec-2] c.b.booking.service.hotel.HotelService   : updateHotelDiscount triggered with values: hotelId - beab6e86-630e-43cc-8c87-7d93cdfc114a, hotelOwnerId - 863c5726-b02a-46a0-be79-5b92f62da3f6, discountDto - HotelUpdateDiscountDTO(discount=5.0)
2024-12-03T08:58:21.141Z DEBUG 27996 --- [Hotel Booking System] [http-nio-8080-exec-2] c.b.booking.service.hotel.HotelService   : Finding hotel by id...
2024-12-03T08:58:27.285Z  INFO 27996 --- [Hotel Booking System] [http-nio-8080-exec-3] c.b.booking.service.user.UserService     : findAll triggered.
2024-12-03T08:58:29.489Z  INFO 27996 --- [Hotel Booking System] [http-nio-8080-exec-4] c.b.booking.service.hotel.HotelService   : updateHotelDiscount triggered with values: hotelId - 644c9033-4334-4816-8f6b-0693aff61b08, hotelOwnerId - e77c63a2-c793-49e9-bc1e-527c9c672937, discountDto - HotelUpdateDiscountDTO(discount=5.0)
2024-12-03T08:58:29.489Z DEBUG 27996 --- [Hotel Booking System] [http-nio-8080-exec-4] c.b.booking.service.hotel.HotelService   : Finding hotel by id...
2024-12-03T08:58:29.491Z DEBUG 27996 --- [Hotel Booking System] [http-nio-8080-exec-4] c.b.booking.service.hotel.HotelService   : Hotel found, finding hotel owner...
2024-12-03T08:58:29.493Z DEBUG 27996 --- [Hotel Booking System] [http-nio-8080-exec-4] c.b.booking.service.hotel.HotelService   : Hotel Owner found, checking if hotel is owned by the found owner...
2024-12-03T08:58:29.494Z DEBUG 27996 --- [Hotel Booking System] [http-nio-8080-exec-4] c.b.booking.service.hotel.HotelService   : Hotel does belong to owner, checking if discount value is within accepted range...
2024-12-03T08:58:29.494Z DEBUG 27996 --- [Hotel Booking System] [http-nio-8080-exec-4] c.b.booking.service.hotel.HotelService   : Discount within accepted range, updating object.
2024-12-03T08:58:29.494Z DEBUG 27996 --- [Hotel Booking System] [http-nio-8080-exec-4] c.b.booking.service.hotel.HotelService   : Persisting change
2024-12-03T08:58:29.501Z  INFO 27996 --- [Hotel Booking System] [http-nio-8080-exec-4] c.b.booking.service.hotel.HotelService   : Discount updated and persisted successfully.
2024-12-03T08:58:49.554Z  INFO 27996 --- [Hotel Booking System] [http-nio-8080-exec-6] c.b.booking.service.hotel.HotelService   : updateHotelDiscount triggered with values: hotelId - 644c9033-4334-4816-8f6b-0693aff61b08, hotelOwnerId - e77c63a2-c793-49e9-bc1e-527c9c672937, discountDto - HotelUpdateDiscountDTO(discount=11.0)
2024-12-03T08:58:49.554Z DEBUG 27996 --- [Hotel Booking System] [http-nio-8080-exec-6] c.b.booking.service.hotel.HotelService   : Finding hotel by id...
2024-12-03T08:58:49.558Z DEBUG 27996 --- [Hotel Booking System] [http-nio-8080-exec-6] c.b.booking.service.hotel.HotelService   : Hotel found, finding hotel owner...
2024-12-03T08:58:49.559Z DEBUG 27996 --- [Hotel Booking System] [http-nio-8080-exec-6] c.b.booking.service.hotel.HotelService   : Hotel Owner found, checking if hotel is owned by the found owner...
2024-12-03T08:58:49.560Z DEBUG 27996 --- [Hotel Booking System] [http-nio-8080-exec-6] c.b.booking.service.hotel.HotelService   : Hotel does belong to owner, checking if discount value is within accepted range...
2024-12-03T08:58:55.688Z  INFO 27996 --- [Hotel Booking System] [http-nio-8080-exec-5] c.b.booking.service.hotel.HotelService   : updateHotelDiscount triggered with values: hotelId - 644c9033-4334-4816-8f6b-0693aff61b08, hotelOwnerId - e77c63a2-c793-49e9-bc1e-527c9c672937, discountDto - HotelUpdateDiscountDTO(discount=7.5)
2024-12-03T08:58:55.688Z DEBUG 27996 --- [Hotel Booking System] [http-nio-8080-exec-5] c.b.booking.service.hotel.HotelService   : Finding hotel by id...
2024-12-03T08:58:55.692Z DEBUG 27996 --- [Hotel Booking System] [http-nio-8080-exec-5] c.b.booking.service.hotel.HotelService   : Hotel found, finding hotel owner...
2024-12-03T08:58:55.693Z DEBUG 27996 --- [Hotel Booking System] [http-nio-8080-exec-5] c.b.booking.service.hotel.HotelService   : Hotel Owner found, checking if hotel is owned by the found owner...
2024-12-03T08:58:55.694Z DEBUG 27996 --- [Hotel Booking System] [http-nio-8080-exec-5] c.b.booking.service.hotel.HotelService   : Hotel does belong to owner, checking if discount value is within accepted range...
2024-12-03T08:58:55.694Z DEBUG 27996 --- [Hotel Booking System] [http-nio-8080-exec-5] c.b.booking.service.hotel.HotelService   : Discount within accepted range, updating object.
2024-12-03T08:58:55.694Z DEBUG 27996 --- [Hotel Booking System] [http-nio-8080-exec-5] c.b.booking.service.hotel.HotelService   : Persisting change
2024-12-03T08:58:55.701Z  INFO 27996 --- [Hotel Booking System] [http-nio-8080-exec-5] c.b.booking.service.hotel.HotelService   : Discount updated and persisted successfully.
